<?xml version="1.0" encoding="UTF-8"?>
<!-- Generated by org.testng.reporters.JUnitReportReporter -->
<testsuite hostname="LAPTOP-KD3UU6OV" failures="0" tests="3" name="Testng.Simple_Annotations" time="0.016" errors="0" timestamp="2022-07-14T14:30:13 IST" skipped="0">
  <testcase classname="Testng.Simple_Annotations" name="Dresses" time="0.012"/>
  <system-out/>
  <testcase classname="Testng.Simple_Annotations" name="tshirts" time="0.001"/>
  <system-out/>
  <testcase classname="Testng.Simple_Annotations" name="women" time="0.003"/>
  <system-out/>
</testsuite> <!-- Testng.Simple_Annotations -->
